Line 204: Class WMPLibCtl.WindowsMediaPlayer of control WindowsMediaPlayer1 was not a loaded control class.
Line 210: The property name URL in WindowsMediaPlayer1 is invalid.
Line 211: The property name rate in WindowsMediaPlayer1 is invalid.
Line 212: The property name balance in WindowsMediaPlayer1 is invalid.
Line 213: The property name currentPosition in WindowsMediaPlayer1 is invalid.
Line 214: The property name defaultFrame in WindowsMediaPlayer1 is invalid.
Line 215: The property name playCount in WindowsMediaPlayer1 is invalid.
Line 216: The property name autoStart in WindowsMediaPlayer1 is invalid.
Line 217: The property name currentMarker in WindowsMediaPlayer1 is invalid.
Line 218: The property name invokeURLs in WindowsMediaPlayer1 is invalid.
Line 219: The property name baseURL in WindowsMediaPlayer1 is invalid.
Line 220: The property name volume in WindowsMediaPlayer1 is invalid.
Line 221: The property name mute in WindowsMediaPlayer1 is invalid.
Line 222: The property name uiMode in WindowsMediaPlayer1 is invalid.
Line 223: The property name stretchToFit in WindowsMediaPlayer1 is invalid.
Line 224: The property name windowlessVideo in WindowsMediaPlayer1 is invalid.
Line 226: The property name enableContextMenu in WindowsMediaPlayer1 is invalid.
Line 227: The property name fullScreen in WindowsMediaPlayer1 is invalid.
Line 228: The property name SAMIStyle in WindowsMediaPlayer1 is invalid.
Line 229: The property name SAMILang in WindowsMediaPlayer1 is invalid.
Line 230: The property name SAMIFilename in WindowsMediaPlayer1 is invalid.
Line 231: The property name captioningID in WindowsMediaPlayer1 is invalid.
Line 232: The property name enableErrorDialogs in WindowsMediaPlayer1 is invalid.
Line 233: The property name _cx in WindowsMediaPlayer1 is invalid.
Line 234: The property name _cy in WindowsMediaPlayer1 is invalid.
