File: \AccessibleMarshal.dll
File: \application.ini
File: \blocklist.xml
File: \chrome.manifest
File: \crashreporter.exe
File: \crashreporter.ini
File: \D3DCompiler_43.dll
File: \d3dx9_43.dll
File: \dependentlibs.list
File: \freebl3.chk
File: \freebl3.dll
File: \gkmedias.dll
File: \libEGL.dll
File: \libGLESv2.dll
File: \maintenanceservice.exe
File: \maintenanceservice_installer.exe
File: \MapiProxy.dll
File: \mozalloc.dll
File: \mozglue.dll
File: \mozjs.dll
File: \mozMapi32.dll
File: \mozsqlite3.dll
File: \msvcp100.dll
File: \msvcr100.dll
File: \nsldap32v60.dll
File: \nsldappr32v60.dll
File: \nsldif32v60.dll
File: \nspr4.dll
File: \nss3.dll
File: \nssckbi.dll
File: \nssdbm3.chk
File: \nssdbm3.dll
File: \nssutil3.dll
File: \omni.ja
File: \platform.ini
File: \plc4.dll
File: \plds4.dll
File: \plugin-container.exe
File: \precomplete
File: \removed-files
File: \smime3.dll
File: \softokn3.chk
File: \softokn3.dll
File: \ssl3.dll
File: \thunderbird.exe
File: \update-settings.ini
File: \updater.exe
File: \updater.ini
File: \WSEnable.exe
File: \xpcom.dll
File: \xul.dll
File: \uninstall\helper.exe
File: \searchplugins\amazon-en-GB.xml
File: \searchplugins\aol-en-GB.xml
File: \searchplugins\bing.xml
File: \searchplugins\eBay-en-GB.xml
File: \searchplugins\google.xml
File: \searchplugins\twitter.xml
File: \searchplugins\wikipedia.xml
File: \searchplugins\yahoo-en-GB.xml
File: \isp\Bogofilter.sfd
File: \isp\DSPAM.sfd
File: \isp\POPFile.sfd
File: \isp\rss.rdf
File: \isp\SpamAssassin.sfd
File: \isp\SpamPal.sfd
File: \extensions\{972ce4c6-7e08-4474-a285-3208198ce6fd}\chrome.manifest
File: \extensions\{972ce4c6-7e08-4474-a285-3208198ce6fd}\icon.png
File: \extensions\{972ce4c6-7e08-4474-a285-3208198ce6fd}\install.rdf
File: \extensions\{972ce4c6-7e08-4474-a285-3208198ce6fd}\preview.png
File: \distribution\extensions\tbtestpilot@labs.mozilla.com.xpi
File: \defaults\pref\channel-prefs.js
File: \defaults\messenger\mailViews.dat
File: \components\binary.manifest
File: \chrome\.mkdir.done
File: \chrome\icons\default\abcardWindow.ico
File: \chrome\icons\default\addressbookWindow.ico
File: \chrome\icons\default\messengerWindow.ico
File: \chrome\icons\default\msgcomposeWindow.ico
File: \MapiProxy_InUse.dll
File: \mozMapi32_InUse.dll
DLLReg: \AccessibleMarshal.dll
File: \components\compreg.dat
File: \components\xpti.dat
File: \active-update.xml
File: \install.log
File: \install_status.log
File: \install_wizard.log
File: \updates.xml
DLLReg: \MapiProxy_InUse.dll
DLLReg: \MapiProxy_InUse.dll
