Line 29: Class MSAdodcLib.Adodc of control Adodc2 was not a loaded control class.
Line 92: Class MSAdodcLib.Adodc of control Adodc1 was not a loaded control class.
Line 139: Class MSDataGridLib.DataGrid of control DataGrid2 was not a loaded control class.
Line 204: Class MSDataGridLib.DataGrid of control DataGrid1 was not a loaded control class.
Line 35: The property name _ExtentX in Adodc2 is invalid.
Line 36: The property name _ExtentY in Adodc2 is invalid.
Line 37: The property name ConnectMode in Adodc2 is invalid.
Line 38: The property name CursorLocation in Adodc2 is invalid.
Line 39: The property name IsolationLevel in Adodc2 is invalid.
Line 40: The property name ConnectionTimeout in Adodc2 is invalid.
Line 41: The property name CommandTimeout in Adodc2 is invalid.
Line 42: The property name CursorType in Adodc2 is invalid.
Line 43: The property name LockType in Adodc2 is invalid.
Line 44: The property name CommandType in Adodc2 is invalid.
Line 45: The property name CursorOptions in Adodc2 is invalid.
Line 46: The property name CacheSize in Adodc2 is invalid.
Line 47: The property name MaxRecords in Adodc2 is invalid.
Line 48: The property name BOFAction in Adodc2 is invalid.
Line 49: The property name EOFAction in Adodc2 is invalid.
Line 50: The property name ConnectStringType in Adodc2 is invalid.
Line 54: The property name Orientation in Adodc2 is invalid.
Line 56: The property name Connect in Adodc2 is invalid.
Line 57: The property name OLEDBString in Adodc2 is invalid.
Line 58: The property name OLEDBFile in Adodc2 is invalid.
Line 59: The property name DataSourceName in Adodc2 is invalid.
Line 60: The property name OtherAttributes in Adodc2 is invalid.
Line 61: The property name UserName in Adodc2 is invalid.
Line 62: The property name Password in Adodc2 is invalid.
Line 63: The property name RecordSource in Adodc2 is invalid.
Line 64: The property name Caption in Adodc2 is invalid.
Line 74: The property name _Version in Adodc2 is invalid.
Line 98: The property name _ExtentX in Adodc1 is invalid.
Line 99: The property name _ExtentY in Adodc1 is invalid.
Line 100: The property name ConnectMode in Adodc1 is invalid.
Line 101: The property name CursorLocation in Adodc1 is invalid.
Line 102: The property name IsolationLevel in Adodc1 is invalid.
Line 103: The property name ConnectionTimeout in Adodc1 is invalid.
Line 104: The property name CommandTimeout in Adodc1 is invalid.
Line 105: The property name CursorType in Adodc1 is invalid.
Line 106: The property name LockType in Adodc1 is invalid.
Line 107: The property name CommandType in Adodc1 is invalid.
Line 108: The property name CursorOptions in Adodc1 is invalid.
Line 109: The property name CacheSize in Adodc1 is invalid.
Line 110: The property name MaxRecords in Adodc1 is invalid.
Line 111: The property name BOFAction in Adodc1 is invalid.
Line 112: The property name EOFAction in Adodc1 is invalid.
Line 113: The property name ConnectStringType in Adodc1 is invalid.
Line 117: The property name Orientation in Adodc1 is invalid.
Line 119: The property name Connect in Adodc1 is invalid.
Line 120: The property name OLEDBString in Adodc1 is invalid.
Line 121: The property name OLEDBFile in Adodc1 is invalid.
Line 122: The property name DataSourceName in Adodc1 is invalid.
Line 123: The property name OtherAttributes in Adodc1 is invalid.
Line 124: The property name UserName in Adodc1 is invalid.
Line 125: The property name Password in Adodc1 is invalid.
Line 126: The property name RecordSource in Adodc1 is invalid.
Line 127: The property name Caption in Adodc1 is invalid.
Line 137: The property name _Version in Adodc1 is invalid.
Line 146: The property name _ExtentX in DataGrid2 is invalid.
Line 147: The property name _ExtentY in DataGrid2 is invalid.
Line 148: The property name _Version in DataGrid2 is invalid.
Line 149: The property name HeadLines in DataGrid2 is invalid.
Line 150: The property name RowHeight in DataGrid2 is invalid.
Line 159: The property name HeadFont in DataGrid2 is invalid.
Line 169: The property name ColumnCount in DataGrid2 is invalid.
Line 182: The property name Column00 in DataGrid2 is invalid.
Line 195: The property name Column01 in DataGrid2 is invalid.
Line 196: The property name SplitCount in DataGrid2 is invalid.
Line 202: The property name Split0 in DataGrid2 is invalid.
Line 210: The property name _ExtentX in DataGrid1 is invalid.
Line 211: The property name _ExtentY in DataGrid1 is invalid.
Line 212: The property name _Version in DataGrid1 is invalid.
Line 213: The property name HeadLines in DataGrid1 is invalid.
Line 214: The property name RowHeight in DataGrid1 is invalid.
Line 223: The property name HeadFont in DataGrid1 is invalid.
Line 233: The property name ColumnCount in DataGrid1 is invalid.
Line 246: The property name Column00 in DataGrid1 is invalid.
Line 259: The property name Column01 in DataGrid1 is invalid.
Line 260: The property name SplitCount in DataGrid1 is invalid.
Line 266: The property name Split0 in DataGrid1 is invalid.
