Line 41: Class MSComCtl2.MonthView of control MonthView2 was not a loaded control class.
Line 74: Class MSAdodcLib.Adodc of control Adodc2 was not a loaded control class.
Line 121: Class MSAdodcLib.Adodc of control Adodc1 was not a loaded control class.
Line 168: Class MSDataGridLib.DataGrid of control DataGrid2 was not a loaded control class.
Line 266: Class MSDataGridLib.DataGrid of control DataGrid1 was not a loaded control class.
Line 338: Class MSComCtl2.MonthView of control MonthView1 was not a loaded control class.
Line 47: The property name _ExtentX in MonthView2 is invalid.
Line 48: The property name _ExtentY in MonthView2 is invalid.
Line 49: The property name _Version in MonthView2 is invalid.
Line 53: The property name StartOfWeek in MonthView2 is invalid.
Line 54: The property name TitleBackColor in MonthView2 is invalid.
Line 55: The property name CurrentDate in MonthView2 is invalid.
Line 56: The property name MinDate in MonthView2 is invalid.
Line 80: The property name _ExtentX in Adodc2 is invalid.
Line 81: The property name _ExtentY in Adodc2 is invalid.
Line 82: The property name ConnectMode in Adodc2 is invalid.
Line 83: The property name CursorLocation in Adodc2 is invalid.
Line 84: The property name IsolationLevel in Adodc2 is invalid.
Line 85: The property name ConnectionTimeout in Adodc2 is invalid.
Line 86: The property name CommandTimeout in Adodc2 is invalid.
Line 87: The property name CursorType in Adodc2 is invalid.
Line 88: The property name LockType in Adodc2 is invalid.
Line 89: The property name CommandType in Adodc2 is invalid.
Line 90: The property name CursorOptions in Adodc2 is invalid.
Line 91: The property name CacheSize in Adodc2 is invalid.
Line 92: The property name MaxRecords in Adodc2 is invalid.
Line 93: The property name BOFAction in Adodc2 is invalid.
Line 94: The property name EOFAction in Adodc2 is invalid.
Line 95: The property name ConnectStringType in Adodc2 is invalid.
Line 99: The property name Orientation in Adodc2 is invalid.
Line 101: The property name Connect in Adodc2 is invalid.
Line 102: The property name OLEDBString in Adodc2 is invalid.
Line 103: The property name OLEDBFile in Adodc2 is invalid.
Line 104: The property name DataSourceName in Adodc2 is invalid.
Line 105: The property name OtherAttributes in Adodc2 is invalid.
Line 106: The property name UserName in Adodc2 is invalid.
Line 107: The property name Password in Adodc2 is invalid.
Line 108: The property name RecordSource in Adodc2 is invalid.
Line 109: The property name Caption in Adodc2 is invalid.
Line 119: The property name _Version in Adodc2 is invalid.
Line 127: The property name _ExtentX in Adodc1 is invalid.
Line 128: The property name _ExtentY in Adodc1 is invalid.
Line 129: The property name ConnectMode in Adodc1 is invalid.
Line 130: The property name CursorLocation in Adodc1 is invalid.
Line 131: The property name IsolationLevel in Adodc1 is invalid.
Line 132: The property name ConnectionTimeout in Adodc1 is invalid.
Line 133: The property name CommandTimeout in Adodc1 is invalid.
Line 134: The property name CursorType in Adodc1 is invalid.
Line 135: The property name LockType in Adodc1 is invalid.
Line 136: The property name CommandType in Adodc1 is invalid.
Line 137: The property name CursorOptions in Adodc1 is invalid.
Line 138: The property name CacheSize in Adodc1 is invalid.
Line 139: The property name MaxRecords in Adodc1 is invalid.
Line 140: The property name BOFAction in Adodc1 is invalid.
Line 141: The property name EOFAction in Adodc1 is invalid.
Line 142: The property name ConnectStringType in Adodc1 is invalid.
Line 146: The property name Orientation in Adodc1 is invalid.
Line 148: The property name Connect in Adodc1 is invalid.
Line 149: The property name OLEDBString in Adodc1 is invalid.
Line 150: The property name OLEDBFile in Adodc1 is invalid.
Line 151: The property name DataSourceName in Adodc1 is invalid.
Line 152: The property name OtherAttributes in Adodc1 is invalid.
Line 153: The property name UserName in Adodc1 is invalid.
Line 154: The property name Password in Adodc1 is invalid.
Line 155: The property name RecordSource in Adodc1 is invalid.
Line 156: The property name Caption in Adodc1 is invalid.
Line 166: The property name _Version in Adodc1 is invalid.
Line 174: The property name _ExtentX in DataGrid2 is invalid.
Line 175: The property name _ExtentY in DataGrid2 is invalid.
Line 176: The property name _Version in DataGrid2 is invalid.
Line 177: The property name HeadLines in DataGrid2 is invalid.
Line 178: The property name RowHeight in DataGrid2 is invalid.
Line 187: The property name HeadFont in DataGrid2 is invalid.
Line 197: The property name ColumnCount in DataGrid2 is invalid.
Line 210: The property name Column00 in DataGrid2 is invalid.
Line 223: The property name Column01 in DataGrid2 is invalid.
Line 224: The property name SplitCount in DataGrid2 is invalid.
Line 230: The property name Split0 in DataGrid2 is invalid.
Line 272: The property name _ExtentX in DataGrid1 is invalid.
Line 273: The property name _ExtentY in DataGrid1 is invalid.
Line 274: The property name _Version in DataGrid1 is invalid.
Line 275: The property name HeadLines in DataGrid1 is invalid.
Line 276: The property name RowHeight in DataGrid1 is invalid.
Line 285: The property name HeadFont in DataGrid1 is invalid.
Line 295: The property name ColumnCount in DataGrid1 is invalid.
Line 308: The property name Column00 in DataGrid1 is invalid.
Line 321: The property name Column01 in DataGrid1 is invalid.
Line 322: The property name SplitCount in DataGrid1 is invalid.
Line 328: The property name Split0 in DataGrid1 is invalid.
Line 344: The property name _ExtentX in MonthView1 is invalid.
Line 345: The property name _ExtentY in MonthView1 is invalid.
Line 346: The property name _Version in MonthView1 is invalid.
Line 350: The property name StartOfWeek in MonthView1 is invalid.
Line 351: The property name TitleBackColor in MonthView1 is invalid.
Line 352: The property name CurrentDate in MonthView1 is invalid.
